app/build/intermediates/manifest_merge_blame_file/debug/manifest-merger-blame-debug-report.txt
1<?xml version="1.0" encoding="utf-8"?>
2<manifest xmlns:android="http://schemas.android.com/apk/res/android"
3    package="com.google.developer.taskmaker"
4    android:versionCode="1"
5    android:versionName="1.0" >
6
7    <uses-sdk
8        android:minSdkVersion="21"
8-->src\main\AndroidManifest.xml
9        android:targetSdkVersion="27" />
9-->src\main\AndroidManifest.xml
10
11    <uses-permission android:name="android.permission.RECEIVE_BOOT_COMPLETED" />
11-->src\main\AndroidManifest.xml:5:5-80
11-->src\main\AndroidManifest.xml:5:22-78
12
13    <application
13-->src\main\AndroidManifest.xml:7:5-56:19
14        android:allowBackup="true"
14-->src\main\AndroidManifest.xml:8:9-35
15        android:debuggable="true"
16        android:icon="@mipmap/ic_launcher"
16-->src\main\AndroidManifest.xml:9:9-43
17        android:label="@string/app_name"
17-->src\main\AndroidManifest.xml:10:9-41
18        android:supportsRtl="true"
18-->src\main\AndroidManifest.xml:11:9-35
19        android:theme="@style/AppTheme" >
19-->src\main\AndroidManifest.xml:12:9-40
20        <activity
20-->src\main\AndroidManifest.xml:13:9-21:20
21            android:name="com.google.developer.taskmaker.MainActivity"
21-->src\main\AndroidManifest.xml:14:13-41
22            android:theme="@style/AppTheme.NoActionBar" >
22-->src\main\AndroidManifest.xml:15:13-56
23            <intent-filter>
23-->src\main\AndroidManifest.xml:16:13-20:29
24                <action android:name="android.intent.action.MAIN" />
24-->src\main\AndroidManifest.xml:17:17-68
24-->src\main\AndroidManifest.xml:17:25-66
25
26                <category android:name="android.intent.category.LAUNCHER" />
26-->src\main\AndroidManifest.xml:19:17-76
26-->src\main\AndroidManifest.xml:19:27-74
27            </intent-filter>
28        </activity>
29        <activity
29-->src\main\AndroidManifest.xml:23:9-26:57
30            android:name="com.google.developer.taskmaker.SettingsActivity"
30-->src\main\AndroidManifest.xml:24:13-45
31            android:exported="false"
31-->src\main\AndroidManifest.xml:25:13-37
32            android:parentActivityName="com.google.developer.taskmaker.MainActivity" />
32-->src\main\AndroidManifest.xml:26:13-55
33        <activity
33-->src\main\AndroidManifest.xml:28:9-31:57
34            android:name="com.google.developer.taskmaker.AddTaskActivity"
34-->src\main\AndroidManifest.xml:29:13-44
35            android:exported="false"
35-->src\main\AndroidManifest.xml:30:13-37
36            android:parentActivityName="com.google.developer.taskmaker.MainActivity" />
36-->src\main\AndroidManifest.xml:31:13-55
37        <activity
37-->src\main\AndroidManifest.xml:33:9-36:57
38            android:name="com.google.developer.taskmaker.TaskDetailActivity"
38-->src\main\AndroidManifest.xml:34:13-47
39            android:exported="false"
39-->src\main\AndroidManifest.xml:35:13-37
40            android:parentActivityName="com.google.developer.taskmaker.MainActivity" />
40-->src\main\AndroidManifest.xml:36:13-55
41
42        <service
42-->src\main\AndroidManifest.xml:38:9-40:40
43            android:name="com.google.developer.taskmaker.data.TaskUpdateService"
43-->src\main\AndroidManifest.xml:39:13-51
44            android:exported="false" />
44-->src\main\AndroidManifest.xml:40:13-37
45        <service
45-->src\main\AndroidManifest.xml:42:9-44:40
46            android:name="com.google.developer.taskmaker.reminders.ReminderAlarmService"
46-->src\main\AndroidManifest.xml:43:13-59
47            android:exported="false" />
47-->src\main\AndroidManifest.xml:44:13-37
48
49        <provider
49-->src\main\AndroidManifest.xml:46:9-49:39
50            android:name="com.google.developer.taskmaker.data.TaskProvider"
50-->src\main\AndroidManifest.xml:47:13-46
51            android:authorities="com.google.developer.taskmaker"
51-->src\main\AndroidManifest.xml:48:13-65
52            android:exported="false" />
52-->src\main\AndroidManifest.xml:49:13-37
53
54        <service
54-->src\main\AndroidManifest.xml:51:9-54:38
55            android:name="com.google.developer.taskmaker.data.CleanupJobService"
55-->src\main\AndroidManifest.xml:52:13-51
56            android:exported="true"
56-->src\main\AndroidManifest.xml:54:13-36
57            android:permission="android.permission.BIND_JOB_SERVICE" />
57-->src\main\AndroidManifest.xml:53:13-69
58    </application>
59
60</manifest>